<?xml version="1.0" encoding="UTF-8"?>
<!-- Generated by org.testng.reporters.JUnitReportReporter -->
<testsuite skipped="0" hostname="Sum.gateway" name="com.testvagrant.pkp.tests.HotelBookingTest" tests="1" failures="0" timestamp="28 May 2018 03:41:46 GMT" time="14.452" errors="0">
  <testcase name="shouldBeAbleToSearchForHotels" time="14.452" classname="com.testvagrant.pkp.tests.HotelBookingTest"/>
</testsuite> <!-- com.testvagrant.pkp.tests.HotelBookingTest -->
