<?xml version="1.0" encoding="UTF-8"?>
<!-- Generated by org.testng.reporters.JUnitReportReporter -->
<testsuite skipped="0" hostname="Sum.gateway" name="com.testvagrant.pkp.tests.ClearTripTests" tests="1" failures="0" timestamp="28 May 2018 06:56:54 GMT" time="9.014" errors="0">
  <testcase name="testThatResultsAppearForAOneWayJourney" time="9.014" classname="com.testvagrant.pkp.tests.ClearTripTests"/>
</testsuite> <!-- com.testvagrant.pkp.tests.ClearTripTests -->
