<?xml version="1.0" encoding="UTF-8"?>
<!-- Generated by org.testng.reporters.JUnitReportReporter -->
<testsuite skipped="0" hostname="Sum.gateway" name="com.testvagrant.pkp.tests.SignInTest" tests="1" failures="0" timestamp="28 May 2018 05:02:59 GMT" time="20.890" errors="0">
  <testcase name="shouldThrowAnErrorIfSignInDetailsAreMissing" time="20.890" classname="com.testvagrant.pkp.tests.SignInTest"/>
</testsuite> <!-- com.testvagrant.pkp.tests.SignInTest -->
